<?xml version="1.0" encoding="UTF-8"?>
<!-- Generated by org.testng.reporters.JUnitReportReporter -->
<testsuite hostname="DESKTOP-ITJOV93" failures="0" tests="5" name="org.parallelexe.SampleMethod" time="0.116" errors="0" timestamp="2023-09-14T21:15:57 IST" skipped="0">
  <testcase classname="org.parallelexe.SampleMethod" name="tc05" time="0.021"/>
  <testcase classname="org.parallelexe.SampleMethod" name="tc02" time="0.019"/>
  <testcase classname="org.parallelexe.SampleMethod" name="tc01" time="0.026"/>
  <testcase classname="org.parallelexe.SampleMethod" name="tc03" time="0.031"/>
  <testcase classname="org.parallelexe.SampleMethod" name="tc04" time="0.019"/>
</testsuite> <!-- org.parallelexe.SampleMethod -->
