<?xml version="1.0" encoding="UTF-8"?>
<!-- Generated by org.testng.reporters.JUnitReportReporter -->
<testsuite hostname="DESKTOP-ITJOV93" name="org.planisphrer.DemoBlazeEdge" tests="4" failures="0" timestamp="14 Sep 2023 03:42:59 GMT" time="42.295" errors="0">
  <testcase name="loginDataEntering" time="14.943" classname="org.planisphrer.DemoBlazeEdge"/>
  <testcase name="urlLanunched" time="4.716" classname="org.planisphrer.DemoBlazeEdge"/>
  <testcase name="clicklogin" time="16.540" classname="org.planisphrer.DemoBlazeEdge"/>
  <testcase name="getBrowser" time="6.096" classname="org.planisphrer.DemoBlazeEdge"/>
</testsuite> <!-- org.planisphrer.DemoBlazeEdge -->
