<?xml version="1.0" encoding="UTF-8"?>
<!-- Generated by org.testng.reporters.JUnitReportReporter -->
<testsuite hostname="DESKTOP-ITJOV93" failures="0" tests="5" name="org.planisphrer.TestingClassEdge" time="88.084" errors="0" timestamp="2023-09-19T23:27:29 IST" skipped="0">
  <testcase classname="org.planisphrer.TestingClassEdge" name="getBrowser" time="6.138"/>
  <testcase classname="org.planisphrer.TestingClassEdge" name="urlLanunched" time="4.159"/>
  <testcase classname="org.planisphrer.TestingClassEdge" name="loginDataEntering" time="17.318"/>
  <testcase classname="org.planisphrer.TestingClassEdge" name="reserveRoom" time="13.377"/>
  <testcase classname="org.planisphrer.TestingClassEdge" name="reserveConfirmation" time="47.092"/>
</testsuite> <!-- org.planisphrer.TestingClassEdge -->
