<?xml version="1.0" encoding="UTF-8"?>
<!-- Generated by org.testng.reporters.JUnitReportReporter -->
<testsuite hostname="DESKTOP-ITJOV93" failures="0" tests="5" name="org.parallelexe.TestingClass3" time="0.218" errors="0" timestamp="2023-09-14T21:25:28 IST" skipped="0">
  <testcase classname="org.parallelexe.TestingClass3" name="tc02" time="0.184"/>
  <testcase classname="org.parallelexe.TestingClass3" name="tc03" time="0.006"/>
  <testcase classname="org.parallelexe.TestingClass3" name="tc05" time="0.003"/>
  <testcase classname="org.parallelexe.TestingClass3" name="tc01" time="0.023"/>
  <testcase classname="org.parallelexe.TestingClass3" name="tc04" time="0.002"/>
</testsuite> <!-- org.parallelexe.TestingClass3 -->
