<?xml version="1.0" encoding="UTF-8"?>
<!-- Generated by org.testng.reporters.JUnitReportReporter -->
<testsuite hostname="DESKTOP-ITJOV93" name="org.planisphrer.TestingClassCrome" tests="5" failures="0" timestamp="9 Sep 2023 11:14:41 GMT" time="24.183" errors="0">
  <testcase name="loginDataEntering" time="0.149" classname="org.planisphrer.TestingClassCrome"/>
  <testcase name="getBrowser" time="23.975" classname="org.planisphrer.TestingClassCrome"/>
  <testcase name="clicklogin" time="0.031" classname="org.planisphrer.TestingClassCrome"/>
  <testcase name="urlLanunched" time="0.015" classname="org.planisphrer.TestingClassCrome"/>
  <testcase name="nextPage" time="0.013" classname="org.planisphrer.TestingClassCrome"/>
</testsuite> <!-- org.planisphrer.TestingClassCrome -->
