<?xml version="1.0" encoding="UTF-8"?>
<!-- Generated by org.testng.reporters.JUnitReportReporter -->
<testsuite hostname="DESKTOP-ITJOV93" failures="0" tests="5" name="org.parallelexe.TestingClass" time="0.155" errors="0" timestamp="2023-09-14T21:25:28 IST" skipped="0">
  <testcase classname="org.parallelexe.TestingClass" name="tc01" time="0.024"/>
  <testcase classname="org.parallelexe.TestingClass" name="tc04" time="0.007"/>
  <testcase classname="org.parallelexe.TestingClass" name="tc02" time="0.071"/>
  <testcase classname="org.parallelexe.TestingClass" name="tc03" time="0.026"/>
  <testcase classname="org.parallelexe.TestingClass" name="tc05" time="0.027"/>
</testsuite> <!-- org.parallelexe.TestingClass -->
