<?xml version="1.0" encoding="UTF-8"?>
<!-- Generated by org.testng.reporters.JUnitReportReporter -->
<testsuite hostname="DESKTOP-ITJOV93" name="org.assertpractice.DataProviderClass" tests="4" failures="0" timestamp="13 Sep 2023 12:53:01 GMT" time="115.397" errors="0">
  <testcase name="adactionTest" time="23.452" classname="org.assertpractice.DataProviderClass"/>
  <testcase name="adactionTest" time="29.066" classname="org.assertpractice.DataProviderClass"/>
  <testcase name="adactionTest" time="42.852" classname="org.assertpractice.DataProviderClass"/>
  <testcase name="adactionTest" time="20.027" classname="org.assertpractice.DataProviderClass"/>
</testsuite> <!-- org.assertpractice.DataProviderClass -->
