<?xml version="1.0" encoding="UTF-8"?>
<!-- Generated by org.testng.reporters.JUnitReportReporter -->
<testsuite hostname="DESKTOP-ITJOV93" name="org.assertpractice.AassertPractice" tests="5" failures="0" timestamp="13 Sep 2023 12:14:08 GMT" time="53.569" errors="0">
  <testcase name="loginDatas" time="8.835" classname="org.assertpractice.AassertPractice"/>
  <testcase name="launchBrowser" time="31.832" classname="org.assertpractice.AassertPractice"/>
  <testcase name="searchHotel" time="0.066" classname="org.assertpractice.AassertPractice"/>
  <testcase name="launchUrl" time="10.499" classname="org.assertpractice.AassertPractice"/>
  <testcase name="loginComplete" time="2.337" classname="org.assertpractice.AassertPractice"/>
</testsuite> <!-- org.assertpractice.AassertPractice -->
