<?xml version="1.0" encoding="UTF-8"?>
<!-- Generated by org.testng.reporters.JUnitReportReporter -->
<testsuite hostname="DESKTOP-ITJOV93" failures="0" tests="5" name="org.parallelexe.TestingClass2" time="0.153" errors="0" timestamp="2023-09-14T21:25:28 IST" skipped="0">
  <testcase classname="org.parallelexe.TestingClass2" name="tc04" time="0.008"/>
  <testcase classname="org.parallelexe.TestingClass2" name="tc02" time="0.011"/>
  <testcase classname="org.parallelexe.TestingClass2" name="tc01" time="0.022"/>
  <testcase classname="org.parallelexe.TestingClass2" name="tc03" time="0.009"/>
  <testcase classname="org.parallelexe.TestingClass2" name="tc05" time="0.103"/>
</testsuite> <!-- org.parallelexe.TestingClass2 -->
