<?xml version="1.0" encoding="UTF-8"?>
<!-- Generated by org.testng.reporters.JUnitReportReporter -->
<testsuite hostname="DESKTOP-ITJOV93" failures="0" tests="2" name="org.parallelexe.TestingTest" time="41.646" errors="0" timestamp="2023-09-14T22:12:57 IST" skipped="0">
  <testcase classname="org.parallelexe.TestingTest" name="adactionTest" time="20.833"/>
  <testcase classname="org.parallelexe.TestingTest" name="adactionTest" time="20.813"/>
</testsuite> <!-- org.parallelexe.TestingTest -->
