<?xml version="1.0" encoding="UTF-8"?>
<!-- Generated by org.testng.reporters.JUnitReportReporter -->
<testsuite hostname="DESKTOP-ITJOV93" failures="0" tests="5" name="org.assertpractice.DataProviderDC" time="84.045" errors="0" timestamp="2023-09-14T21:06:23 IST" skipped="0">
  <testcase classname="org.assertpractice.DataProviderDC" name="adactionTest" time="10.803"/>
  <testcase classname="org.assertpractice.DataProviderDC" name="adactionTest" time="24.410"/>
  <testcase classname="org.assertpractice.DataProviderDC" name="adactionTest" time="17.819"/>
  <testcase classname="org.assertpractice.DataProviderDC" name="adactionTest" time="21.685"/>
  <testcase classname="org.assertpractice.DataProviderDC" name="adactionTest" time="9.328"/>
</testsuite> <!-- org.assertpractice.DataProviderDC -->
