<?xml version="1.0" encoding="UTF-8"?>
<!-- Generated by org.testng.reporters.JUnitReportReporter -->
<testsuite hostname="DESKTOP-ITJOV93" failures="0" tests="5" name="org.assertpractice.DataProvideDC" time="73.091" errors="0" timestamp="2023-09-14T20:30:52 IST" skipped="0">
  <testcase classname="org.assertpractice.DataProvideDC" name="adactionTest" time="10.453"/>
  <testcase classname="org.assertpractice.DataProvideDC" name="adactionTest" time="11.117"/>
  <testcase classname="org.assertpractice.DataProvideDC" name="adactionTest" time="18.480"/>
  <testcase classname="org.assertpractice.DataProvideDC" name="adactionTest" time="15.172"/>
  <testcase classname="org.assertpractice.DataProvideDC" name="adactionTest" time="17.869"/>
</testsuite> <!-- org.assertpractice.DataProvideDC -->
