<?xml version="1.0" encoding="UTF-8"?>
<!-- Generated by org.testng.reporters.JUnitReportReporter -->
<testsuite hostname="DESKTOP-ITJOV93" failures="0" tests="5" name="org.planisphrer.TestingClassCrome" time="223.379" errors="0" timestamp="2023-09-15T12:00:40 IST" skipped="0">
  <testcase classname="org.planisphrer.TestingClassCrome" name="getBrowser" time="111.935"/>
  <testcase classname="org.planisphrer.TestingClassCrome" name="urlLanunched" time="36.522"/>
  <testcase classname="org.planisphrer.TestingClassCrome" name="loginDataEntering" time="49.415"/>
  <testcase classname="org.planisphrer.TestingClassCrome" name="clicklogin" time="25.359"/>
  <testcase classname="org.planisphrer.TestingClassCrome" name="nextPage" time="0.148"/>
</testsuite> <!-- org.planisphrer.TestingClassCrome -->
